# JRE version: Java(TM) SE Runtime Environment (8.0_92-b14) (build 1.8.0_92-b14)
# Java VM: Java HotSpot(TM) Client VM (25.92-b14 mixed mode windows-x86 )
Heap:
 def new generation   total 39424K, used 16349K [0x05600000, 0x080c0000, 0x100a0000)
  eden space 35072K,  46% used [0x05600000, 0x065ef790, 0x07840000)
  from space 4352K,   0% used [0x07c80000, 0x07c87f80, 0x080c0000)
  to   space 4352K,   0% used [0x07840000, 0x07840000, 0x07c80000)
 tenured generation   total 87424K, used 35167K [0x100a0000, 0x15600000, 0x25600000)
   the space 87424K,  40% used [0x100a0000, 0x122f7f48, 0x122f8000, 0x15600000)
 Metaspace       used 18908K, capacity 19410K, committed 19456K, reserved 19840K
GC Heap History (10 events):
Event: 10613.417 GC heap before
{Heap before GC invocations=19 (full 1):
 def new generation   total 39424K, used 35788K [0x05600000, 0x080c0000, 0x100a0000)
  eden space 35072K, 100% used [0x05600000, 0x07840000, 0x07840000)
  from space 4352K,  16% used [0x07840000, 0x078f3110, 0x07c80000)
  to   space 4352K,   0% used [0x07c80000, 0x07c80000, 0x080c0000)
 tenured generation   total 87424K, used 34553K [0x100a0000, 0x15600000, 0x25600000)
   the space 87424K,  39% used [0x100a0000, 0x1225e458, 0x1225e600, 0x15600000)
 Metaspace       used 18895K, capacity 19410K, committed 19456K, reserved 19840K
Event: 10613.430 GC heap after
Heap after GC invocations=20 (full 1):
 def new generation   total 39424K, used 1189K [0x05600000, 0x080c0000, 0x100a0000)
  eden space 35072K,   0% used [0x05600000, 0x05600000, 0x07840000)
  from space 4352K,  27% used [0x07c80000, 0x07da9420, 0x080c0000)
  to   space 4352K,   0% used [0x07840000, 0x07840000, 0x07c80000)
 tenured generation   total 87424K, used 34553K [0x100a0000, 0x15600000, 0x25600000)
   the space 87424K,  39% used [0x100a0000, 0x1225e458, 0x1225e600, 0x15600000)
 Metaspace       used 18895K, capacity 19410K, committed 19456K, reserved 19840K
}
Event: 11120.692 GC heap before
{Heap before GC invocations=20 (full 1):
 def new generation   total 39424K, used 36261K [0x05600000, 0x080c0000, 0x100a0000)
  eden space 35072K, 100% used [0x05600000, 0x07840000, 0x07840000)
  from space 4352K,  27% used [0x07c80000, 0x07da9420, 0x080c0000)
  to   space 4352K,   0% used [0x07840000, 0x07840000, 0x07c80000)
 tenured generation   total 87424K, used 34553K [0x100a0000, 0x15600000, 0x25600000)
   the space 87424K,  39% used [0x100a0000, 0x1225e458, 0x1225e600, 0x15600000)
 Metaspace       used 18905K, capacity 19410K, committed 19456K, reserved 19840K
Event: 11120.695 GC heap after
Heap after GC invocations=21 (full 1):
 def new generation   total 39424K, used 554K [0x05600000, 0x080c0000, 0x100a0000)
  eden space 35072K,   0% used [0x05600000, 0x05600000, 0x07840000)
  from space 4352K,  12% used [0x07840000, 0x078caaf0, 0x07c80000)
  to   space 4352K,   0% used [0x07c80000, 0x07c80000, 0x080c0000)
 tenured generation   total 87424K, used 35162K [0x100a0000, 0x15600000, 0x25600000)
   the space 87424K,  40% used [0x100a0000, 0x122f6a60, 0x122f6c00, 0x15600000)
 Metaspace       used 18905K, capacity 19410K, committed 19456K, reserved 19840K
}
Event: 11563.658 GC heap before
{Heap before GC invocations=21 (full 1):
 def new generation   total 39424K, used 35626K [0x05600000, 0x080c0000, 0x100a0000)
  eden space 35072K, 100% used [0x05600000, 0x07840000, 0x07840000)
  from space 4352K,  12% used [0x07840000, 0x078caaf0, 0x07c80000)
  to   space 4352K,   0% used [0x07c80000, 0x07c80000, 0x080c0000)
 tenured generation   total 87424K, used 35162K [0x100a0000, 0x15600000, 0x25600000)
   the space 87424K,  40% used [0x100a0000, 0x122f6a60, 0x122f6c00, 0x15600000)
 Metaspace       used 18905K, capacity 19410K, committed 19456K, reserved 19840K
Event: 11563.660 GC heap after
Heap after GC invocations=22 (full 1):
 def new generation   total 39424K, used 438K [0x05600000, 0x080c0000, 0x100a0000)
  eden space 35072K,   0% used [0x05600000, 0x05600000, 0x07840000)
  from space 4352K,  10% used [0x07c80000, 0x07ceda28, 0x080c0000)
  to   space 4352K,   0% used [0x07840000, 0x07840000, 0x07c80000)
 tenured generation   total 87424K, used 35167K [0x100a0000, 0x15600000, 0x25600000)
   the space 87424K,  40% used [0x100a0000, 0x122f7df8, 0x122f7e00, 0x15600000)
 Metaspace       used 18905K, capacity 19410K, committed 19456K, reserved 19840K
}
Event: 12332.952 GC heap before
{Heap before GC invocations=22 (full 1):
 def new generation   total 39424K, used 35510K [0x05600000, 0x080c0000, 0x100a0000)
  eden space 35072K, 100% used [0x05600000, 0x07840000, 0x07840000)
  from space 4352K,  10% used [0x07c80000, 0x07ceda28, 0x080c0000)
  to   space 4352K,   0% used [0x07840000, 0x07840000, 0x07c80000)
 tenured generation   total 87424K, used 35167K [0x100a0000, 0x15600000, 0x25600000)
   the space 87424K,  40% used [0x100a0000, 0x122f7df8, 0x122f7e00, 0x15600000)
 Metaspace       used 18908K, capacity 19410K, committed 19456K, reserved 19840K
Event: 12332.954 GC heap after
Heap after GC invocations=23 (full 1):
 def new generation   total 39424K, used 385K [0x05600000, 0x080c0000, 0x100a0000)
  eden space 35072K,   0% used [0x05600000, 0x05600000, 0x07840000)
  from space 4352K,   8% used [0x07840000, 0x078a0588, 0x07c80000)
  to   space 4352K,   0% used [0x07c80000, 0x07c80000, 0x080c0000)
 tenured generation   total 87424K, used 35167K [0x100a0000, 0x15600000, 0x25600000)
   the space 87424K,  40% used [0x100a0000, 0x122f7df8, 0x122f7e00, 0x15600000)
 Metaspace       used 18908K, capacity 19410K, committed 19456K, reserved 19840K
}
Event: 13098.558 GC heap before
{Heap before GC invocations=23 (full 1):
 def new generation   total 39424K, used 35457K [0x05600000, 0x080c0000, 0x100a0000)
  eden space 35072K, 100% used [0x05600000, 0x07840000, 0x07840000)
  from space 4352K,   8% used [0x07840000, 0x078a0588, 0x07c80000)
  to   space 4352K,   0% used [0x07c80000, 0x07c80000, 0x080c0000)
 tenured generation   total 87424K, used 35167K [0x100a0000, 0x15600000, 0x25600000)
   the space 87424K,  40% used [0x100a0000, 0x122f7df8, 0x122f7e00, 0x15600000)
 Metaspace       used 18908K, capacity 19410K, committed 19456K, reserved 19840K
Event: 13098.560 GC heap after
Heap after GC invocations=24 (full 1):
 def new generation   total 39424K, used 31K [0x05600000, 0x080c0000, 0x100a0000)
  eden space 35072K,   0% used [0x05600000, 0x05600000, 0x07840000)
  from space 4352K,   0% used [0x07c80000, 0x07c87f80, 0x080c0000)
  to   space 4352K,   0% used [0x07840000, 0x07840000, 0x07c80000)
 tenured generation   total 87424K, used 35167K [0x100a0000, 0x15600000, 0x25600000)
   the space 87424K,  40% used [0x100a0000, 0x122f7f48, 0x122f8000, 0x15600000)
 Metaspace       used 18908K, capacity 19410K, committed 19456K, reserved 19840K
}

